<?xml version="1.0" encoding="UTF-8"?>
<!-- Generated by org.testng.reporters.JUnitReportReporter -->
<testsuite skipped="0" hostname="Melisas-MacBook-Pro.local" name="com.prestashop.tests.NegativeScenarios" tests="4" failures="0" timestamp="22 Jun 2018 02:19:59 GMT" time="30.711" errors="0">
  <testcase name="blankEmailAddress" time="9.850" classname="com.prestashop.tests.NegativeScenarios"/>
  <testcase name="wrongCredentialsTest" time="6.584" classname="com.prestashop.tests.NegativeScenarios"/>
  <testcase name="blankPasswordTest" time="5.993" classname="com.prestashop.tests.NegativeScenarios"/>
  <testcase name="invalidEmailTest" time="8.284" classname="com.prestashop.tests.NegativeScenarios"/>
</testsuite> <!-- com.prestashop.tests.NegativeScenarios -->
