<?xml version="1.0" encoding="UTF-8"?>
<!-- Generated by org.testng.reporters.JUnitReportReporter -->
<testsuite skipped="0" hostname="Melisas-MacBook-Pro.local" name="com.prestashop.tests.PositiveScenarios" tests="1" failures="0" timestamp="22 Jun 2018 01:53:14 GMT" time="21.994" errors="0">
  <testcase name="loginTest" time="21.994" classname="com.prestashop.tests.PositiveScenarios"/>
</testsuite> <!-- com.prestashop.tests.PositiveScenarios -->
